<?xml version="1.0" encoding="UTF-8"?>
<!-- Generated by org.testng.reporters.JUnitXMLReporter -->
<testsuite hostname="DESKTOP-N82QEHI" ignored="0" name="chrometest" tests="1" failures="1" timestamp="18 Apr 2018 18:41:11 GMT" time="72.686" errors="0">
  <testcase name="login" time="44.854" classname="com.testcases.Homepage">
    <failure type="java.lang.NullPointerException">
      <![CDATA[java.lang.NullPointerException
	at com.testcases.Homepage.login(Homepage.java:47)
... Removed 25 stack frames]]>
    </failure>
  </testcase> <!-- login -->
</testsuite> <!-- chrometest -->
